<?xml version="1.0" encoding="UTF-8"?>
<testng-results skipped="0" failed="0" ignored="0" total="5" passed="5">
  <reporter-output>
  </reporter-output>
  <suite name="Default suite" duration-ms="5568" started-at="2023-04-18T22:29:59 CDT" finished-at="2023-04-18T22:30:05 CDT">
    <groups>
    </groups>
    <test name="Default test" duration-ms="5568" started-at="2023-04-18T22:29:59 CDT" finished-at="2023-04-18T22:30:05 CDT">
      <class name="testCases.CreateOneProducts">
        <test-method status="PASS" signature="createOneProducts()[pri:1, instance:testCases.CreateOneProducts@131276c2]" name="createOneProducts" duration-ms="2732" started-at="2023-04-18T22:29:59 CDT" finished-at="2023-04-18T22:30:02 CDT">
          <reporter-output>
          </reporter-output>
        </test-method> <!-- createOneProducts -->
        <test-method status="PASS" signature="readAllProducts()[pri:2, instance:testCases.CreateOneProducts@131276c2]" name="readAllProducts" duration-ms="968" started-at="2023-04-18T22:30:02 CDT" finished-at="2023-04-18T22:30:03 CDT">
          <reporter-output>
          </reporter-output>
        </test-method> <!-- readAllProducts -->
        <test-method status="PASS" signature="readOneProduct()[pri:3, instance:testCases.CreateOneProducts@131276c2]" name="readOneProduct" duration-ms="518" started-at="2023-04-18T22:30:03 CDT" finished-at="2023-04-18T22:30:03 CDT">
          <reporter-output>
          </reporter-output>
        </test-method> <!-- readOneProduct -->
      </class> <!-- testCases.CreateOneProducts -->
      <class name="testCases.ReadAllProducts">
        <test-method status="PASS" signature="readAllProducts()[pri:0, instance:testCases.ReadAllProducts@26aa12dd]" name="readAllProducts" duration-ms="864" started-at="2023-04-18T22:30:03 CDT" finished-at="2023-04-18T22:30:04 CDT">
          <reporter-output>
          </reporter-output>
        </test-method> <!-- readAllProducts -->
      </class> <!-- testCases.ReadAllProducts -->
      <class name="testCases.ReadOneProduct">
        <test-method status="PASS" signature="readOneProduct()[pri:0, instance:testCases.ReadOneProduct@3fd7a715]" name="readOneProduct" duration-ms="445" started-at="2023-04-18T22:30:04 CDT" finished-at="2023-04-18T22:30:05 CDT">
          <reporter-output>
          </reporter-output>
        </test-method> <!-- readOneProduct -->
      </class> <!-- testCases.ReadOneProduct -->
    </test> <!-- Default test -->
  </suite> <!-- Default suite -->
</testng-results>
