<?xml version="1.0" encoding="UTF-8"?>
<!-- Generated by org.testng.reporters.JUnitXMLReporter -->
<testsuite hostname="DESKTOP-5TDU5SH" ignored="0" name="Default test" tests="5" failures="0" timestamp="2023-04-18T22:30:05 CDT" time="5.568" errors="0">
  <testcase name="createOneProducts" time="2.732" classname="testCases.CreateOneProducts"/>
  <testcase name="readAllProducts" time="0.968" classname="testCases.CreateOneProducts"/>
  <testcase name="readOneProduct" time="0.518" classname="testCases.CreateOneProducts"/>
  <testcase name="readAllProducts" time="0.864" classname="testCases.ReadAllProducts"/>
  <testcase name="readOneProduct" time="0.445" classname="testCases.ReadOneProduct"/>
</testsuite> <!-- Default test -->
